Analysis & Synthesis report for PUC1-24
Thu Jun 27 00:13:43 2024
Quartus II Version 9.1 Build 350 03/24/2010 Service Pack 2 SJ Web Edition


---------------------
; Table of Contents ;
---------------------
  1. Legal Notice
  2. Analysis & Synthesis Summary
  3. Analysis & Synthesis Settings
  4. Parallel Compilation
  5. Analysis & Synthesis Messages



----------------
; Legal Notice ;
----------------
Copyright (C) 1991-2010 Altera Corporation
Your use of Altera Corporation's design tools, logic functions 
and other software and tools, and its AMPP partner logic 
functions, and any output files from any of the foregoing 
(including device programming or simulation files), and any 
associated documentation or information are expressly subject 
to the terms and conditions of the Altera Program License 
Subscription Agreement, Altera MegaCore Function License 
Agreement, or other applicable license agreement, including, 
without limitation, that your use is for the sole purpose of 
programming logic devices manufactured by Altera and sold by 
Altera or its authorized distributors.  Please refer to the 
applicable agreement for further details.



+-----------------------------------------------------------------------------------+
; Analysis & Synthesis Summary                                                      ;
+------------------------------------+----------------------------------------------+
; Analysis & Synthesis Status        ; Failed - Thu Jun 27 00:13:43 2024            ;
; Quartus II Version                 ; 9.1 Build 350 03/24/2010 SP 2 SJ Web Edition ;
; Revision Name                      ; PUC1-24                                      ;
; Top-level Entity Name              ; PUC1-24                                      ;
; Family                             ; Cyclone II                                   ;
; Total logic elements               ; N/A until Partition Merge                    ;
;     Total combinational functions  ; N/A until Partition Merge                    ;
;     Dedicated logic registers      ; N/A until Partition Merge                    ;
; Total registers                    ; N/A until Partition Merge                    ;
; Total pins                         ; N/A until Partition Merge                    ;
; Total virtual pins                 ; N/A until Partition Merge                    ;
; Total memory bits                  ; N/A until Partition Merge                    ;
; Embedded Multiplier 9-bit elements ; N/A until Partition Merge                    ;
; Total PLLs                         ; N/A until Partition Merge                    ;
+------------------------------------+----------------------------------------------+


+----------------------------------------------------------------------------------------------------------------------+
; Analysis & Synthesis Settings                                                                                        ;
+----------------------------------------------------------------------------+--------------------+--------------------+
; Option                                                                     ; Setting            ; Default Value      ;
+----------------------------------------------------------------------------+--------------------+--------------------+
; Device                                                                     ; EP2C35F672C6       ;                    ;
; Top-level entity name                                                      ; PUC1-24            ; PUC1-24            ;
; Family name                                                                ; Cyclone II         ; Stratix II         ;
; Use Generated Physical Constraints File                                    ; Off                ;                    ;
; Use smart compilation                                                      ; Off                ; Off                ;
; Enable parallel Assembler and TimeQuest Timing Analyzer during compilation ; On                 ; On                 ;
; Enable compact report table                                                ; Off                ; Off                ;
; Restructure Multiplexers                                                   ; Auto               ; Auto               ;
; Create Debugging Nodes for IP Cores                                        ; Off                ; Off                ;
; Preserve fewer node names                                                  ; On                 ; On                 ;
; Disable OpenCore Plus hardware evaluation                                  ; Off                ; Off                ;
; Verilog Version                                                            ; Verilog_2001       ; Verilog_2001       ;
; VHDL Version                                                               ; VHDL_1993          ; VHDL_1993          ;
; State Machine Processing                                                   ; Auto               ; Auto               ;
; Safe State Machine                                                         ; Off                ; Off                ;
; Extract Verilog State Machines                                             ; On                 ; On                 ;
; Extract VHDL State Machines                                                ; On                 ; On                 ;
; Ignore Verilog initial constructs                                          ; Off                ; Off                ;
; Iteration limit for constant Verilog loops                                 ; 5000               ; 5000               ;
; Iteration limit for non-constant Verilog loops                             ; 250                ; 250                ;
; Add Pass-Through Logic to Inferred RAMs                                    ; On                 ; On                 ;
; Parallel Synthesis                                                         ; On                 ; On                 ;
; DSP Block Balancing                                                        ; Auto               ; Auto               ;
; NOT Gate Push-Back                                                         ; On                 ; On                 ;
; Power-Up Don't Care                                                        ; On                 ; On                 ;
; Remove Redundant Logic Cells                                               ; Off                ; Off                ;
; Remove Duplicate Registers                                                 ; On                 ; On                 ;
; Ignore CARRY Buffers                                                       ; Off                ; Off                ;
; Ignore CASCADE Buffers                                                     ; Off                ; Off                ;
; Ignore GLOBAL Buffers                                                      ; Off                ; Off                ;
; Ignore ROW GLOBAL Buffers                                                  ; Off                ; Off                ;
; Ignore LCELL Buffers                                                       ; Off                ; Off                ;
; Ignore SOFT Buffers                                                        ; On                 ; On                 ;
; Limit AHDL Integers to 32 Bits                                             ; Off                ; Off                ;
; Optimization Technique                                                     ; Balanced           ; Balanced           ;
; Carry Chain Length                                                         ; 70                 ; 70                 ;
; Auto Carry Chains                                                          ; On                 ; On                 ;
; Auto Open-Drain Pins                                                       ; On                 ; On                 ;
; Perform WYSIWYG Primitive Resynthesis                                      ; Off                ; Off                ;
; Auto ROM Replacement                                                       ; On                 ; On                 ;
; Auto RAM Replacement                                                       ; On                 ; On                 ;
; Auto Shift Register Replacement                                            ; Auto               ; Auto               ;
; Auto Clock Enable Replacement                                              ; On                 ; On                 ;
; Strict RAM Replacement                                                     ; Off                ; Off                ;
; Allow Synchronous Control Signals                                          ; On                 ; On                 ;
; Force Use of Synchronous Clear Signals                                     ; Off                ; Off                ;
; Auto RAM to Logic Cell Conversion                                          ; Off                ; Off                ;
; Auto Resource Sharing                                                      ; Off                ; Off                ;
; Allow Any RAM Size For Recognition                                         ; Off                ; Off                ;
; Allow Any ROM Size For Recognition                                         ; Off                ; Off                ;
; Allow Any Shift Register Size For Recognition                              ; Off                ; Off                ;
; Use LogicLock Constraints during Resource Balancing                        ; On                 ; On                 ;
; Ignore translate_off and synthesis_off directives                          ; Off                ; Off                ;
; Timing-Driven Synthesis                                                    ; Off                ; Off                ;
; Show Parameter Settings Tables in Synthesis Report                         ; On                 ; On                 ;
; Ignore Maximum Fan-Out Assignments                                         ; Off                ; Off                ;
; Synchronization Register Chain Length                                      ; 2                  ; 2                  ;
; PowerPlay Power Optimization                                               ; Normal compilation ; Normal compilation ;
; HDL message level                                                          ; Level2             ; Level2             ;
; Suppress Register Optimization Related Messages                            ; Off                ; Off                ;
; Number of Removed Registers Reported in Synthesis Report                   ; 5000               ; 5000               ;
; Number of Inverted Registers Reported in Synthesis Report                  ; 100                ; 100                ;
; Clock MUX Protection                                                       ; On                 ; On                 ;
; Auto Gated Clock Conversion                                                ; Off                ; Off                ;
; Block Design Naming                                                        ; Auto               ; Auto               ;
; SDC constraint protection                                                  ; Off                ; Off                ;
; Synthesis Effort                                                           ; Auto               ; Auto               ;
; Shift Register Replacement - Allow Asynchronous Clear Signal               ; On                 ; On                 ;
; Analysis & Synthesis Message Level                                         ; Medium             ; Medium             ;
; Disable Register Merging Across Hierarchies                                ; Auto               ; Auto               ;
; Resource Aware Inference For Block RAM                                     ; On                 ; On                 ;
+----------------------------------------------------------------------------+--------------------+--------------------+


Parallel compilation was disabled, but you have multiple processors available. Enable parallel compilation to reduce compilation time.
+-------------------------------------+
; Parallel Compilation                ;
+----------------------------+--------+
; Processors                 ; Number ;
+----------------------------+--------+
; Number detected on machine ; 2      ;
; Maximum allowed            ; 1      ;
+----------------------------+--------+


+-------------------------------+
; Analysis & Synthesis Messages ;
+-------------------------------+
Info: *******************************************************************
Info: Running Quartus II Analysis & Synthesis
    Info: Version 9.1 Build 350 03/24/2010 Service Pack 2 SJ Web Edition
    Info: Processing started: Thu Jun 27 00:13:41 2024
Info: Command: quartus_map --read_settings_files=on --write_settings_files=off PUC1-24 -c PUC1-24
Info: Found 1 design units, including 1 entities, in source file puc1-24.bdf
    Info: Found entity 1: PUC1-24
Warning: Can't analyze file -- file control_puc_241.vhd is missing
Info: Found 2 design units, including 1 entities, in source file rom_2k_16.vhd
    Info: Found design unit 1: rom_2k_16-SYN
    Info: Found entity 1: rom_2k_16
Info: Elaborating entity "PUC1-24" for the top level hierarchy
Warning: Using design file control_unit.vhd, which is not specified as a design file for the current project, but contains definitions for 2 design units and 1 entities in project
    Info: Found design unit 1: control_unit-arch
    Info: Found entity 1: control_unit
Info: Elaborating entity "control_unit" for hierarchy "control_unit:inst3"
Warning: Using design file reg_bank.vhd, which is not specified as a design file for the current project, but contains definitions for 2 design units and 1 entities in project
    Info: Found design unit 1: reg_bank-arch1
    Info: Found entity 1: reg_bank
Info: Elaborating entity "reg_bank" for hierarchy "reg_bank:inst10"
Warning: Using design file alu_3.vhd, which is not specified as a design file for the current project, but contains definitions for 2 design units and 1 entities in project
    Info: Found design unit 1: alu_3-arch
    Info: Found entity 1: alu_3
Info: Elaborating entity "alu_3" for hierarchy "alu_3:inst"
Info: Elaborating entity "BUSMUX" for hierarchy "BUSMUX:inst2"
Info: Elaborated megafunction instantiation "BUSMUX:inst2"
Info: Instantiated megafunction "BUSMUX:inst2" with the following parameter:
    Info: Parameter "WIDTH" = "8"
Info: Elaborating entity "lpm_mux" for hierarchy "BUSMUX:inst2|lpm_mux:$00000"
Info: Elaborated megafunction instantiation "BUSMUX:inst2|lpm_mux:$00000", which is child of megafunction instantiation "BUSMUX:inst2"
Info: Found 1 design units, including 1 entities, in source file db/mux_smc.tdf
    Info: Found entity 1: mux_smc
Info: Elaborating entity "mux_smc" for hierarchy "BUSMUX:inst2|lpm_mux:$00000|mux_smc:auto_generated"
Info: Elaborating entity "rom_2k_16" for hierarchy "rom_2k_16:inst7"
Info: Elaborating entity "altsyncram" for hierarchy "rom_2k_16:inst7|altsyncram:altsyncram_component"
Info: Elaborated megafunction instantiation "rom_2k_16:inst7|altsyncram:altsyncram_component"
Info: Instantiated megafunction "rom_2k_16:inst7|altsyncram:altsyncram_component" with the following parameter:
    Info: Parameter "clock_enable_input_a" = "BYPASS"
    Info: Parameter "clock_enable_output_a" = "BYPASS"
    Info: Parameter "init_file" = "teste.mif"
    Info: Parameter "intended_device_family" = "Cyclone II"
    Info: Parameter "lpm_hint" = "ENABLE_RUNTIME_MOD=NO"
    Info: Parameter "lpm_type" = "altsyncram"
    Info: Parameter "maximum_depth" = "2048"
    Info: Parameter "numwords_a" = "2048"
    Info: Parameter "operation_mode" = "ROM"
    Info: Parameter "outdata_aclr_a" = "NONE"
    Info: Parameter "outdata_reg_a" = "CLOCK0"
    Info: Parameter "widthad_a" = "11"
    Info: Parameter "width_a" = "16"
    Info: Parameter "width_byteena_a" = "1"
Info: Found 1 design units, including 1 entities, in source file db/altsyncram_2q81.tdf
    Info: Found entity 1: altsyncram_2q81
Info: Elaborating entity "altsyncram_2q81" for hierarchy "rom_2k_16:inst7|altsyncram:altsyncram_component|altsyncram_2q81:auto_generated"
Warning: Using design file prog_cnt.vhd, which is not specified as a design file for the current project, but contains definitions for 2 design units and 1 entities in project
    Info: Found design unit 1: prog_cnt-arch1
    Info: Found entity 1: prog_cnt
Info: Elaborating entity "prog_cnt" for hierarchy "prog_cnt:inst4"
Warning: Using design file stack.vhd, which is not specified as a design file for the current project, but contains definitions for 2 design units and 1 entities in project
    Info: Found design unit 1: Stack-Behavioral
    Info: Found entity 1: Stack
Info: Elaborating entity "Stack" for hierarchy "Stack:inst14"
Warning: Using design file ram_256x8.vhd, which is not specified as a design file for the current project, but contains definitions for 2 design units and 1 entities in project
    Info: Found design unit 1: ram_256x8-behavior
    Info: Found entity 1: ram_256x8
Info: Elaborating entity "ram_256x8" for hierarchy "ram_256x8:inst11"
Warning: Using design file port_io.vhd, which is not specified as a design file for the current project, but contains definitions for 2 design units and 1 entities in project
    Info: Found design unit 1: port_io-behavior
    Info: Found entity 1: port_io
Info: Elaborating entity "port_io" for hierarchy "port_io:inst12"
Warning (10036): Verilog HDL or VHDL warning at port_io.vhd(23): object "latch" assigned a value but never read
Warning (10631): VHDL Process Statement warning at port_io.vhd(51): inferring latch(es) for signal or variable "port_io", which holds its previous value in one or more paths through the process
Info (10041): Inferred latch for "port_io[0]" at port_io.vhd(51)
Info (10041): Inferred latch for "port_io[1]" at port_io.vhd(51)
Info (10041): Inferred latch for "port_io[2]" at port_io.vhd(51)
Info (10041): Inferred latch for "port_io[3]" at port_io.vhd(51)
Info (10041): Inferred latch for "port_io[4]" at port_io.vhd(51)
Info (10041): Inferred latch for "port_io[5]" at port_io.vhd(51)
Info (10041): Inferred latch for "port_io[6]" at port_io.vhd(51)
Info (10041): Inferred latch for "port_io[7]" at port_io.vhd(51)
Info: Elaborating entity "port_io" for hierarchy "port_io:inst13"
Error (10515): VHDL type mismatch error at port_io.vhd(7): integer type does not match string literal File: C:/Users/User/Documents/GitHub/VHDL_TP4/port_io.vhd Line: 7
Error: Can't elaborate user hierarchy "port_io:inst13"
Error: Quartus II Analysis & Synthesis was unsuccessful. 2 errors, 10 warnings
    Error: Peak virtual memory: 244 megabytes
    Error: Processing ended: Thu Jun 27 00:13:43 2024
    Error: Elapsed time: 00:00:02
    Error: Total CPU time (on all processors): 00:00:02


